[    0.000000] Linux version 4.15.0-211-generic (buildd@lcy02-amd64-047) (gcc version 7.5.0 (Ubuntu 7.5.0-3ubuntu1~18.04)) #222-Ubuntu SMP Tue Apr 18 18:55:06 UTC 2023 (Ubuntu 4.15.0-211.222-generic 4.15.18)
[    0.000000] Command line: BOOT_IMAGE=/boot/vmlinuz-4.15.0-211-generic root=LABEL=cloudimg-rootfs ro console=tty1 console=ttyS0
[    0.000000] KERNEL supported cpus:
[    0.000000]   Intel GenuineIntel
[    0.000000]   AMD AuthenticAMD
[    0.000000]   Centaur CentaurHauls
[    0.000000] x86/fpu: Supporting XSAVE feature 0x001: 'x87 floating point registers'
[    0.000000] x86/fpu: Supporting XSAVE feature 0x002: 'SSE registers'
[    0.000000] x86/fpu: Supporting XSAVE feature 0x004: 'AVX registers'
[    0.000000] x86/fpu: xstate_offset[2]:  576, xstate_sizes[2]:  256
[    0.000000] x86/fpu: Enabled xstate features 0x7, context size is 832 bytes, using 'standard' format.
[    0.000000] e820: BIOS-provided physical RAM map:
[    0.000000] BIOS-e820: [mem 0x0000000000000000-0x000000000009fbff] usable
[    0.000000] BIOS-e820: [mem 0x000000000009fc00-0x000000000009ffff] reserved
[    0.000000] BIOS-e820: [mem 0x00000000000f0000-0x00000000000fffff] reserved
[    0.000000] BIOS-e820: [mem 0x0000000000100000-0x000000003ffeffff] usable
[    0.000000] BIOS-e820: [mem 0x000000003fff0000-0x000000003fffffff] ACPI data
[    0.000000] BIOS-e820: [mem 0x00000000fec00000-0x00000000fec00fff] reserved
[    0.000000] BIOS-e820: [mem 0x00000000fee00000-0x00000000fee00fff] reserved
[    0.000000] BIOS-e820: [mem 0x00000000fffc0000-0x00000000ffffffff] reserved
[    0.000000] NX (Execute Disable) protection: active
[    0.000000] SMBIOS 2.5 present.
[    0.000000] DMI: innotek GmbH VirtualBox/VirtualBox, BIOS VirtualBox 12/01/2006
[    0.000000] Hypervisor detected: KVM
[    0.000000] e820: last_pfn = 0x3fff0 max_arch_pfn = 0x400000000
[    0.000000] MTRR: Disabled
[    0.000000] x86/PAT: MTRRs disabled, skipping PAT initialization too.
[    0.000000] CPU MTRRs all blank - virtualized system.
[    0.000000] x86/PAT: Configuration [0-7]: WB  WT  UC- UC  WB  WT  UC- UC  
[    0.000000] found SMP MP-table at [mem 0x0009fff0-0x0009ffff]
[    0.000000] Scanning 1 areas for low memory corruption
[    0.000000] RAMDISK: [mem 0x359c5000-0x36cd9fff]
[    0.000000] ACPI: Early table checksum verification disabled
[    0.000000] ACPI: RSDP 0x00000000000E0000 000024 (v02 VBOX  )
[    0.000000] ACPI: XSDT 0x000000003FFF0030 00003C (v01 VBOX   VBOXXSDT 00000001 ASL  00000061)
[    0.000000] ACPI: FACP 0x000000003FFF00F0 0000F4 (v04 VBOX   VBOXFACP 00000001 ASL  00000061)
[    0.000000] ACPI: DSDT 0x000000003FFF0610 002353 (v02 VBOX   VBOXBIOS 00000002 INTL 20100528)
[    0.000000] ACPI: FACS 0x000000003FFF0200 000040
[    0.000000] ACPI: FACS 0x000000003FFF0200 000040
[    0.000000] ACPI: APIC 0x000000003FFF0240 00005C (v02 VBOX   VBOXAPIC 00000001 ASL  00000061)
[    0.000000] ACPI: SSDT 0x000000003FFF02A0 00036C (v01 VBOX   VBOXCPUT 00000002 INTL 20100528)
[    0.000000] ACPI: Reserving FACP table memory at [mem 0x3fff00f0-0x3fff01e3]
[    0.000000] ACPI: Reserving DSDT table memory at [mem 0x3fff0610-0x3fff2962]
[    0.000000] ACPI: Reserving FACS table memory at [mem 0x3fff0200-0x3fff023f]
[    0.000000] ACPI: Reserving FACS table memory at [mem 0x3fff0200-0x3fff023f]
[    0.000000] ACPI: Reserving APIC table memory at [mem 0x3fff0240-0x3fff029b]
[    0.000000] ACPI: Reserving SSDT table memory at [mem 0x3fff02a0-0x3fff060b]
[    0.000000] No NUMA configuration found
[    0.000000] Faking a node at [mem 0x0000000000000000-0x000000003ffeffff]
[    0.000000] NODE_DATA(0) allocated [mem 0x3ffc5000-0x3ffeffff]
[    0.000000] kvm-clock: cpu 0, msr 0:3ff44001, primary cpu clock
[    0.000000] kvm-clock: Using msrs 4b564d01 and 4b564d00
[    0.000000] kvm-clock: using sched offset of 3554499638 cycles
[    0.000000] clocksource: kvm-clock: mask: 0xffffffffffffffff max_cycles: 0x1cd42e4dffb, max_idle_ns: 881590591483 ns
[    0.000000] Zone ranges:
[    0.000000]   DMA      [mem 0x0000000000001000-0x0000000000ffffff]
[    0.000000]   DMA32    [mem 0x0000000001000000-0x000000003ffeffff]
[    0.000000]   Normal   empty
[    0.000000]   Device   empty
[    0.000000] Movable zone start for each node
[    0.000000] Early memory node ranges
[    0.000000]   node   0: [mem 0x0000000000001000-0x000000000009efff]
[    0.000000]   node   0: [mem 0x0000000000100000-0x000000003ffeffff]
[    0.000000] Reserved but unavailable: 104 pages
[    0.000000] Initmem setup node 0 [mem 0x0000000000001000-0x000000003ffeffff]
[    0.000000] ACPI: PM-Timer IO Port: 0x4008
[    0.000000] IOAPIC[0]: apic_id 2, version 32, address 0xfec00000, GSI 0-23
[    0.000000] ACPI: INT_SRC_OVR (bus 0 bus_irq 0 global_irq 2 dfl dfl)
[    0.000000] ACPI: INT_SRC_OVR (bus 0 bus_irq 9 global_irq 9 low level)
[    0.000000] Using ACPI (MADT) for SMP configuration information
[    0.000000] smpboot: Allowing 2 CPUs, 0 hotplug CPUs
[    0.000000] PM: Registered nosave memory: [mem 0x00000000-0x00000fff]
[    0.000000] PM: Registered nosave memory: [mem 0x0009f000-0x0009ffff]
[    0.000000] PM: Registered nosave memory: [mem 0x000a0000-0x000effff]
[    0.000000] PM: Registered nosave memory: [mem 0x000f0000-0x000fffff]
[    0.000000] e820: [mem 0x40000000-0xfebfffff] available for PCI devices
[    0.000000] Booting paravirtualized kernel on KVM
[    0.000000] clocksource: refined-jiffies: mask: 0xffffffff max_cycles: 0xffffffff, max_idle_ns: 7645519600211568 ns
[    0.000000] setup_percpu: NR_CPUS:8192 nr_cpumask_bits:2 nr_cpu_ids:2 nr_node_ids:1
[    0.000000] percpu: Embedded 50 pages/cpu s167936 r8192 d28672 u1048576
[    0.000000] PV qspinlock hash table entries: 256 (order: 0, 4096 bytes)
[    0.000000] Built 1 zonelists, mobility grouping on.  Total pages: 257913
[    0.000000] Policy zone: DMA32
[    0.000000] Kernel command line: BOOT_IMAGE=/boot/vmlinuz-4.15.0-211-generic root=LABEL=cloudimg-rootfs ro console=tty1 console=ttyS0
[    0.000000] Memory: 982632K/1048120K available (12300K kernel code, 2477K rwdata, 4324K rodata, 2480K init, 2720K bss, 65488K reserved, 0K cma-reserved)
[    0.000000] SLUB: HWalign=64, Order=0-3, MinObjects=0, CPUs=2, Nodes=1
[    0.000000] Kernel/User page tables isolation: enabled
[    0.000000] ftrace: allocating 39508 entries in 155 pages
[    0.004000] Hierarchical RCU implementation.
[    0.004000] 	RCU restricting CPUs from NR_CPUS=8192 to nr_cpu_ids=2.
[    0.004000] 	Tasks RCU enabled.
[    0.004000] RCU: Adjusting geometry for rcu_fanout_leaf=16, nr_cpu_ids=2
[    0.004000] NR_IRQS: 524544, nr_irqs: 440, preallocated irqs: 16
[    0.004000] random: crng init done
[    0.004000] Console: colour VGA+ 80x25
[    0.004000] console [tty1] enabled
[    0.004000] console [ttyS0] enabled
[    0.004000] ACPI: Core revision 20170831
[    0.004000] ACPI: 2 ACPI AML tables successfully acquired and loaded
[    0.004000] APIC: Switch to symmetric I/O mode setup
[    0.004000] x2apic enabled
[    0.004000] Switched APIC routing to physical x2apic.
[    0.004000] ..TIMER: vector=0x30 apic1=0 pin1=2 apic2=-1 pin2=-1
[    0.004004] tsc: Detected 2208.000 MHz processor
[    0.005019] Calibrating delay loop (skipped) preset value.. 4416.00 BogoMIPS (lpj=8832000)
[    0.008004] pid_max: default: 32768 minimum: 301
[    0.009220] Security Framework initialized
[    0.010210] Yama: becoming mindful.
[    0.011074] AppArmor: AppArmor initialized
[    0.016064] Dentry cache hash table entries: 131072 (order: 8, 1048576 bytes)
[    0.020077] Inode-cache hash table entries: 65536 (order: 7, 524288 bytes)
[    0.021841] Mount-cache hash table entries: 2048 (order: 2, 16384 bytes)
[    0.024006] Mountpoint-cache hash table entries: 2048 (order: 2, 16384 bytes)
[    0.025879] Last level iTLB entries: 4KB 64, 2MB 8, 4MB 8
[    0.027155] Last level dTLB entries: 4KB 64, 2MB 0, 4MB 0, 1GB 4
[    0.028003] Spectre V1 : Mitigation: usercopy/swapgs barriers and __user pointer sanitization
[    0.029995] Spectre V2 : Mitigation: Retpolines
[    0.031032] Spectre V2 : Spectre v2 / SpectreRSB mitigation: Filling RSB on context switch
[    0.032002] Spectre V2 : Spectre v2 / SpectreRSB : Filling RSB on VMEXIT
[    0.033449] RETBleed: WARNING: Spectre v2 mitigation leaves CPU vulnerable to RETBleed attacks, data leaks possible!
[    0.036002] RETBleed: Vulnerable
[    0.036791] Speculative Store Bypass: Vulnerable
[    0.037926] MDS: Mitigation: Clear CPU buffers
[    0.040002] MMIO Stale Data: Mitigation: Clear CPU buffers
[    0.041187] SRBDS: Unknown: Dependent on hypervisor status
[    0.042621] Freeing SMP alternatives memory: 36K
[    0.153322] smpboot: CPU0: Intel(R) Core(TM) i7-8750H CPU @ 2.20GHz (family: 0x6, model: 0x9e, stepping: 0xa)
[    0.155282] Performance Events: unsupported p6 CPU model 158 no PMU driver, software events only.
[    0.156036] Hierarchical SRCU implementation.
[    0.157571] NMI watchdog: Perf event create on CPU 0 failed with -2
[    0.158910] NMI watchdog: Perf NMI watchdog permanently disabled
[    0.160043] smp: Bringing up secondary CPUs ...
[    0.161151] x86: Booting SMP configuration:
[    0.162074] .... node  #0, CPUs:      #1
[    0.004000] kvm-clock: cpu 1, msr 0:3ff44041, secondary cpu clock
[    0.167442] smp: Brought up 1 node, 2 CPUs
[    0.168005] smpboot: Max logical packages: 1
[    0.168979] smpboot: Total of 2 processors activated (8832.00 BogoMIPS)
[    0.170519] devtmpfs: initialized
[    0.172054] x86/mm: Memory block size: 128MB
[    0.173141] evm: security.selinux
[    0.173942] evm: security.SMACK64
[    0.174709] evm: security.SMACK64EXEC
[    0.175612] evm: security.SMACK64TRANSMUTE
[    0.176003] evm: security.SMACK64MMAP
[    0.176853] evm: security.apparmor
[    0.177650] evm: security.ima
[    0.178335] evm: security.capability
[    0.180077] clocksource: jiffies: mask: 0xffffffff max_cycles: 0xffffffff, max_idle_ns: 7645041785100000 ns
[    0.182255] futex hash table entries: 512 (order: 3, 32768 bytes)
[    0.183580] pinctrl core: initialized pinctrl subsystem
[    0.188118] RTC time:  5:23:09, date: 05/27/23
[    0.192218] NET: Registered protocol family 16
[    0.193557] audit: initializing netlink subsys (disabled)
[    0.196030] audit: type=2000 audit(1685164995.392:1): state=initialized audit_enabled=0 res=1
[    0.198309] cpuidle: using governor ladder
[    0.198309] cpuidle: using governor menu
[    0.200053] ACPI: bus type PCI registered
[    0.201034] acpiphp: ACPI Hot Plug PCI Controller Driver version: 0.5
[    0.204019] PCI: Using configuration type 1 for base access
[    0.205318] HugeTLB registered 2.00 MiB page size, pre-allocated 0 pages
[    0.208068] ACPI: Added _OSI(Module Device)
[    0.209090] ACPI: Added _OSI(Processor Device)
[    0.210231] ACPI: Added _OSI(3.0 _SCP Extensions)
[    0.212004] ACPI: Added _OSI(Processor Aggregator Device)
[    0.213345] ACPI: Added _OSI(Linux-Dell-Video)
[    0.214498] ACPI: Added _OSI(Linux-Lenovo-NV-HDMI-Audio)
[    0.216011] ACPI: Added _OSI(Linux-HPI-Hybrid-Graphics)
[    0.218180] ACPI: Executed 1 blocks of module-level executable AML code
[    0.225073] ACPI: Interpreter enabled
[    0.225941] ACPI: (supports S0 S5)
[    0.226738] ACPI: Using IOAPIC for interrupt routing
[    0.228185] PCI: Using host bridge windows from ACPI; if necessary, use "pci=nocrs" and report a bug
[    0.230162] ACPI: Enabled 2 GPEs in block 00 to 07
[    0.237997] ACPI: PCI Root Bridge [PCI0] (domain 0000 [bus 00-ff])
[    0.240008] acpi PNP0A03:00: _OSC: OS supports [ASPM ClockPM Segments MSI]
[    0.242208] acpi PNP0A03:00: _OSC: not requesting OS control; OS requires [ExtendedConfig ASPM ClockPM MSI]
[    0.244016] acpi PNP0A03:00: fail to add MMCONFIG information, can't access extended PCI configuration space under this bridge.
[    0.247230] PCI host bridge to bus 0000:00
[    0.248004] pci_bus 0000:00: root bus resource [io  0x0000-0x0cf7 window]
[    0.249558] pci_bus 0000:00: root bus resource [io  0x0d00-0xffff window]
[    0.252003] pci_bus 0000:00: root bus resource [mem 0x000a0000-0x000bffff window]
[    0.253760] pci_bus 0000:00: root bus resource [mem 0x40000000-0xfdffffff window]
[    0.256003] pci_bus 0000:00: root bus resource [bus 00-ff]
[    0.260583] pci 0000:00:01.1: legacy IDE quirk: reg 0x10: [io  0x01f0-0x01f7]
[    0.262004] pci 0000:00:01.1: legacy IDE quirk: reg 0x14: [io  0x03f6]
[    0.263428] pci 0000:00:01.1: legacy IDE quirk: reg 0x18: [io  0x0170-0x0177]
[    0.264003] pci 0000:00:01.1: legacy IDE quirk: reg 0x1c: [io  0x0376]
[    0.280085] pci 0000:00:07.0: quirk: [io  0x4000-0x403f] claimed by PIIX4 ACPI
[    0.281954] pci 0000:00:07.0: quirk: [io  0x4100-0x410f] claimed by PIIX4 SMB
[    0.288830] ACPI: PCI Interrupt Link [LNKA] (IRQs 5 9 10 *11)
[    0.290528] ACPI: PCI Interrupt Link [LNKB] (IRQs 5 9 *10 11)
[    0.292093] ACPI: PCI Interrupt Link [LNKC] (IRQs 5 *9 10 11)
[    0.293429] ACPI: PCI Interrupt Link [LNKD] (IRQs 5 9 10 *11)
[    0.295001] SCSI subsystem initialized
[    0.296030] pci 0000:00:02.0: vgaarb: setting as boot VGA device
[    0.297417] pci 0000:00:02.0: vgaarb: VGA device added: decodes=io+mem,owns=io+mem,locks=none
[    0.299330] pci 0000:00:02.0: vgaarb: bridge control possible
[    0.300010] vgaarb: loaded
[    0.300711] ACPI: bus type USB registered
[    0.301630] usbcore: registered new interface driver usbfs
[    0.302932] usbcore: registered new interface driver hub
[    0.304010] usbcore: registered new device driver usb
[    0.305179] EDAC MC: Ver: 3.0.0
[    0.305179] PCI: Using ACPI for IRQ routing
[    0.308291] NetLabel: Initializing
[    0.309124] NetLabel:  domain hash size = 128
[    0.310064] NetLabel:  protocols = UNLABELED CIPSOv4 CALIPSO
[    0.312018] NetLabel:  unlabeled traffic allowed by default
[    0.313204] clocksource: Switched to clocksource kvm-clock
[    0.339503] VFS: Disk quotas dquot_6.6.0
[    0.340716] VFS: Dquot-cache hash table entries: 512 (order 0, 4096 bytes)
[    0.342623] AppArmor: AppArmor Filesystem Enabled
[    0.343835] pnp: PnP ACPI init
[    0.346118] pnp: PnP ACPI: found 3 devices
[    0.355411] clocksource: acpi_pm: mask: 0xffffff max_cycles: 0xffffff, max_idle_ns: 2085701024 ns
[    0.357185] NET: Registered protocol family 2
[    0.358118] IP idents hash table entries: 16384 (order: 5, 131072 bytes)
[    0.365372] TCP established hash table entries: 8192 (order: 4, 65536 bytes)
[    0.367280] TCP bind hash table entries: 8192 (order: 5, 131072 bytes)
[    0.368708] TCP: Hash tables configured (established 8192 bind 8192)
[    0.370029] UDP hash table entries: 512 (order: 2, 16384 bytes)
[    0.371238] UDP-Lite hash table entries: 512 (order: 2, 16384 bytes)
[    0.378899] NET: Registered protocol family 1
[    0.379746] pci 0000:00:00.0: Limiting direct PCI/PCI transfers
[    0.380985] pci 0000:00:01.0: Activating ISA DMA hang workarounds
[    0.382375] pci 0000:00:02.0: Video device with shadowed ROM at [mem 0x000c0000-0x000dffff]
[    0.384240] Unpacking initramfs...
[    0.828212] Freeing initrd memory: 19540K
[    0.829448] clocksource: tsc: mask: 0xffffffffffffffff max_cycles: 0x1fd3b81b95f, max_idle_ns: 440795257325 ns
[    0.832301] platform rtc_cmos: registered platform RTC device (no PNP device found)
[    0.834245] Scanning for low memory corruption every 60 seconds
[    0.836644] Initialise system trusted keyrings
[    0.837716] Key type blacklist registered
[    0.838868] workingset: timestamp_bits=36 max_order=18 bucket_order=0
[    0.841261] zbud: loaded
[    0.842436] squashfs: version 4.0 (2009/01/31) Phillip Lougher
[    0.844295] fuse init (API version 7.26)
[    0.849822] Key type asymmetric registered
[    0.850948] Asymmetric key parser 'x509' registered
[    0.852660] Block layer SCSI generic (bsg) driver version 0.4 loaded (major 246)
[    0.854909] io scheduler noop registered
[    0.855944] io scheduler deadline registered
[    0.857093] io scheduler cfq registered (default)
[    0.858746] ACPI: AC Adapter [AC] (on-line)
[    0.859744] input: Power Button as /devices/LNXSYSTM:00/LNXPWRBN:00/input/input0
[    0.861668] ACPI: Power Button [PWRF]
[    0.862899] input: Sleep Button as /devices/LNXSYSTM:00/LNXSLPBN:00/input/input1
[    0.865101] ACPI: Sleep Button [SLPF]
[    0.867273] ACPI: Battery Slot [BAT0] (battery present)
[    0.868119] Serial: 8250/16550 driver, 32 ports, IRQ sharing enabled
[    0.890663] 00:02: ttyS0 at I/O 0x3f8 (irq = 4, base_baud = 115200) is a 16550A
[    0.893478] Linux agpgart interface v0.103
[    0.901467] loop: module loaded
[    0.903587] scsi host0: ata_piix
[    0.904955] scsi host1: ata_piix
[    0.905884] ata1: PATA max UDMA/33 cmd 0x1f0 ctl 0x3f6 bmdma 0xd000 irq 14
[    0.907495] ata2: PATA max UDMA/33 cmd 0x170 ctl 0x376 bmdma 0xd008 irq 15
[    0.909178] tun: Universal TUN/TAP device driver, 1.6
[    0.910468] PPP generic driver version 2.4.2
[    0.911550] ehci_hcd: USB 2.0 'Enhanced' Host Controller (EHCI) Driver
[    0.913209] ehci-pci: EHCI PCI platform driver
[    0.914453] ehci-platform: EHCI generic platform driver
[    0.915985] ohci_hcd: USB 1.1 'Open' Host Controller (OHCI) Driver
[    0.917495] ohci-pci: OHCI PCI platform driver
[    0.918553] ohci-platform: OHCI generic platform driver
[    0.919820] uhci_hcd: USB Universal Host Controller Interface driver
[    0.921364] i8042: PNP: PS/2 Controller [PNP0303:PS2K,PNP0f03:PS2M] at 0x60,0x64 irq 1,12
[    0.923805] serio: i8042 KBD port at 0x60,0x64 irq 1
[    0.925085] serio: i8042 AUX port at 0x60,0x64 irq 12
[    0.926327] mousedev: PS/2 mouse device common for all mice
[    0.927870] input: AT Translated Set 2 keyboard as /devices/platform/i8042/serio0/input/input2
[    0.930527] rtc_cmos rtc_cmos: rtc core: registered rtc_cmos as rtc0
[    0.932213] rtc_cmos rtc_cmos: alarms up to one day, 114 bytes nvram
[    0.933667] i2c /dev entries driver
[    0.934696] device-mapper: uevent: version 1.0.3
[    0.936037] device-mapper: ioctl: 4.37.0-ioctl (2017-09-20) initialised: dm-devel@redhat.com
[    0.938101] ledtrig-cpu: registered to indicate activity on CPUs
[    0.940214] NET: Registered protocol family 10
[    0.945459] Segment Routing with IPv6
[    0.946408] NET: Registered protocol family 17
[    0.947912] Key type dns_resolver registered
[    0.949386] mce: Using 0 MCE banks
[    0.950320] RAS: Correctable Errors collector initialized.
[    0.951668] sched_clock: Marking stable (949359110, 0)->(1169470099, -220110989)
[    0.953783] registered taskstats version 1
[    0.954801] Loading compiled-in X.509 certificates
[    0.957943] Loaded X.509 cert 'Build time autogenerated kernel key: 6893c09f03d31bc6e9f3dd5a3a18faae0d596a39'
[    0.960619] Loaded X.509 cert 'Canonical Ltd. Live Patch Signing: 14df34d1a87cf37625abec039ef2bf521249b969'
[    0.963888] Loaded X.509 cert 'Canonical Ltd. Kernel Module Signing: 88f752e560a1e0737e31163a466ad7b70a850c19'
[    0.966326] blacklist: Loading compiled-in revocation X.509 certificates
[    0.967721] Loaded X.509 cert 'Canonical Ltd. Secure Boot Signing: 61482aa2830d0ab2ad5af10b7250da9033ddcef0'
[    0.969782] Loaded X.509 cert 'Canonical Ltd. Secure Boot Signing (2017): 242ade75ac4a15e50d50c84b0d45ff3eae707a03'
[    0.972078] Loaded X.509 cert 'Canonical Ltd. Secure Boot Signing (ESM 2018): 365188c1d374d6b07c3c8f240f8ef722433d6a8b'
[    0.974244] Loaded X.509 cert 'Canonical Ltd. Secure Boot Signing (2019): c0746fd6c5da3ae827864651ad66ae47fe24b3e8'
[    0.976901] Loaded X.509 cert 'Canonical Ltd. Secure Boot Signing (2021 v1): a8d54bbb3825cfb94fa13c9f8a594a195c107b8d'
[    0.979433] Loaded X.509 cert 'Canonical Ltd. Secure Boot Signing (2021 v2): 4cf046892d6fd3c9a5b03f98d845f90851dc6a8c'
[    0.982018] Loaded X.509 cert 'Canonical Ltd. Secure Boot Signing (2021 v3): 100437bb6de6e469b581e61cd66bce3ef4ed53af'
[    0.984268] Loaded X.509 cert 'Canonical Ltd. Secure Boot Signing (Ubuntu Core 2019): c1d57b8f6b743f23ee41f4f7ee292f06eecadfb9'
[    0.986734] zswap: loaded using pool lzo/zbud
[    0.991007] Key type big_key registered
[    0.991826] Key type trusted registered
[    0.994344] Key type encrypted registered
[    0.995367] AppArmor: AppArmor sha1 policy hashing enabled
[    0.996811] ima: No TPM chip found, activating TPM-bypass! (rc=-19)
[    0.998360] ima: Allocated hash algorithm: sha1
[    0.999376] evm: HMAC attrs: 0x1
[    1.000444]   Magic number: 7:374:366
[    1.001380] rtc_cmos rtc_cmos: setting system clock to 2023-05-27 05:23:10 UTC (1685164990)
[    1.003414] BIOS EDD facility v0.16 2004-Jun-25, 0 devices found
[    1.004940] EDD information not available.
[    1.094550] Freeing unused kernel image memory: 2480K
[    1.181173] Write protecting the kernel read-only data: 20480k
[    1.183172] Freeing unused kernel image memory: 2008K
[    1.184765] Freeing unused kernel image memory: 1820K
[    1.194462] x86/mm: Checked W+X mappings: passed, no W+X pages found.
[    1.195940] x86/mm: Checking user space page tables
[    1.205809] x86/mm: Checked W+X mappings: passed, no W+X pages found.
Loading, please wait...
starting version 237
[    1.291884] e1000: Intel(R) PRO/1000 Network Driver - version 7.3.21-k8-NAPI
[    1.294393] e1000: Copyright (c) 1999-2006 Intel Corporation.
[    1.320046] Fusion MPT base driver 3.04.20
[    1.321161] Copyright (c) 1999-2008 LSI Corporation
[    1.334489] AVX2 version of gcm_enc/dec engaged.
[    1.335643] AES CTR mode by8 optimization enabled
[    1.336955] Fusion MPT SPI Host driver 3.04.20
[    1.343543] mptbase: ioc0: Initiating bringup
[    1.590623] input: ImExPS/2 Generic Explorer Mouse as /devices/platform/i8042/serio1/input/input4
[    1.615958] ioc0: LSI53C1030 A0: Capabilities={Initiator}
[    3.858756] scsi host2: ioc0: LSI53C1030 A0, FwRev=00000000h, Ports=1, MaxQ=256, IRQ=20
[    5.813755] scsi 2:0:0:0: Direct-Access     VBOX     HARDDISK         1.0  PQ: 0 ANSI: 5
[    5.859275] scsi target2:0:0: Beginning Domain Validation
[    5.862383] scsi target2:0:0: Domain Validation skipping write tests
[    5.864650] scsi target2:0:0: Ending Domain Validation
[    5.866504] scsi target2:0:0: asynchronous
[    5.868513] scsi 2:0:1:0: Direct-Access     VBOX     HARDDISK         1.0  PQ: 0 ANSI: 5
[    6.211093] scsi target2:0:1: Beginning Domain Validation
[    6.214255] scsi target2:0:1: Domain Validation skipping write tests
[    6.215569] scsi target2:0:1: Ending Domain Validation
[    6.216854] scsi target2:0:1: asynchronous
[    6.222575] sd 2:0:0:0: [sda] 83886080 512-byte logical blocks: (42.9 GB/40.0 GiB)
[    6.224247] sd 2:0:0:0: [sda] Write Protect is off
[    6.225578] sd 2:0:0:0: [sda] Incomplete mode parameter data
[    6.226840] sd 2:0:0:0: [sda] Assuming drive cache: write through
[    6.228714] sd 2:0:0:0: Attached scsi generic sg0 type 0
[    6.231428] sd 2:0:1:0: Attached scsi generic sg1 type 0
[    6.233265]  sda: sda1
[    6.237667] sd 2:0:0:0: [sda] Attached SCSI disk
[    6.238442] sd 2:0:1:0: [sdb] 20480 512-byte logical blocks: (10.5 MB/10.0 MiB)
[    6.244085] sd 2:0:1:0: [sdb] Write Protect is off
[    6.245725] sd 2:0:1:0: [sdb] Incomplete mode parameter data
[    6.247123] sd 2:0:1:0: [sdb] Assuming drive cache: write through
[    6.247451] e1000 0000:00:03.0 eth0: (PCI:33MHz:32-bit) 02:60:28:79:f3:5b
[    6.250345] e1000 0000:00:03.0 eth0: Intel(R) PRO/1000 Network Connection
[    6.255806] sd 2:0:1:0: [sdb] Attached SCSI disk
[    6.257748] e1000 0000:00:03.0 enp0s3: renamed from eth0
Begin: Loading essential drivers ... [    8.096061] raid6: sse2x1   gen() 11913 MB/s
[    8.144064] raid6: sse2x1   xor()  8794 MB/s
[    8.192070] raid6: sse2x2   gen() 14919 MB/s
[    8.240054] raid6: sse2x2   xor()  7635 MB/s
[    8.288071] raid6: sse2x4   gen() 14174 MB/s
[    8.336059] raid6: sse2x4   xor() 10691 MB/s
[    8.384072] raid6: avx2x1   gen() 19683 MB/s
[    8.432084] raid6: avx2x1   xor() 12609 MB/s
[    8.480067] raid6: avx2x2   gen() 21172 MB/s
[    8.528055] raid6: avx2x2   xor() 14659 MB/s
[    8.576058] raid6: avx2x4   gen() 25597 MB/s
[    8.624065] raid6: avx2x4   xor() 16485 MB/s
[    8.625307] raid6: using algorithm avx2x4 gen() 25597 MB/s
[    8.626773] raid6: .... xor() 16485 MB/s, rmw enabled
[    8.628170] raid6: using avx2x2 recovery algorithm
[    8.630993] xor: automatically using best checksumming function   avx       
[    8.634378] async_tx: api initialized (async)
done.
Begin: Running /scripts/init-premount ... done.
Begin: Mounting root file system ... Begin: Running /scripts/local-top ... done.
Begin: Running /scripts/local-premount ... [    8.684863] Btrfs loaded, crc32c=crc32c-intel
Scanning for Btrfs filesystems
done.
Warning: fsck not present, so skipping root file system
[    8.715858] EXT4-fs (sda1): mounted filesystem with ordered data mode. Opts: (null)
done.
Begin: Running /scripts/local-bottom ... done.
Begin: Running /scripts/init-bottom ... done.
[    8.899713] ip_tables: (C) 2000-2006 Netfilter Core Team
[    8.910191] systemd[1]: systemd 237 running in system mode. (+PAM +AUDIT +SELINUX +IMA +APPARMOR +SMACK +SYSVINIT +UTMP +LIBCRYPTSETUP +GCRYPT +GNUTLS +ACL +XZ +LZ4 +SECCOMP +BLKID +ELFUTILS +KMOD -IDN2 +IDN -PCRE2 default-hierarchy=hybrid)
[    8.915049] systemd[1]: Detected virtualization oracle.
[    8.916207] systemd[1]: Detected architecture x86-64.

Welcome to [1mUbuntu 18.04.6 LTS[0m!

[    8.932555] systemd[1]: Set hostname to <ubuntu>.
[    8.935991] systemd[1]: Initializing machine ID from random generator.
[    8.937492] systemd[1]: Installed transient /etc/machine-id file.
[    9.175135] systemd[1]: Started Forward Password Requests to Wall Directory Watch.
[[0;32m  OK  [0m] Started Forward Password Requests to Wall Directory Watch.
[    9.189052] systemd[1]: Reached target System Time Synchronized.
[[0;32m  OK  [0m] Reached target System Time Synchronized.
[    9.201804] systemd[1]: Created slice User and Session Slice.
[[0;32m  OK  [0m] Created slice User and Session Slice.
[    9.212707] systemd[1]: Reached target Mounting snaps.
[[0;32m  OK  [0m] Reached target Mounting snaps.
[[0;32m  OK  [0m] Created slice System Slice.
[[0;32m  OK  [0m] Reached target Slices.
[[0;32m  OK  [0m] Created slice system-serial\x2dgetty.slice.
[[0;32m  OK  [0m] Listening on LVM2 poll daemon socket.
[[0;32m  OK  [0m] Listening on Journal Audit Socket.
[[0;32m  OK  [0m] Listening on Syslog Socket.
[[0;32m  OK  [0m] Listening on Network Service Netlink Socket.
[[0;32m  OK  [0m] Listening on fsck to fsckd communication Socket.
[[0;32m  OK  [0m] Listening on Device-mapper event daemon FIFOs.
[[0;32m  OK  [0m] Listening on Journal Socket.
         Starting Uncomplicated firewall...
         Starting Load Kernel Modules...
         Mounting Kernel Debug File System...
         Mounting Huge Pages File System...
[    9.321234] Loading iSCSI transport class v2.0-870.
         Starting File System Check on Root Device...
         Mounting POSIX Message Queue File System...
         Starting Create list of required st…ce nodes for the current kernel...
[    9.332302] iscsi: registered transport (tcp)
         Starting Set the console keyboard layout...
[[0;32m  OK  [0m] Listening on /dev/initctl Compatibility Named Pipe.
[    9.351150] iscsi: registered transport (iser)
[[0;32m  OK  [0m] Reached target Swap.
[[0;32m  OK  [0m] Listening on Journal Socket (/dev/log).
[[0;32m  OK  [0m] Reached target Mounted snaps.
[[0;32m  OK  [0m] Listening on udev Control Socket.
[[0;32m  OK  [0m] Listening on udev Kernel Socket.
         Starting udev Coldplug all Devices...
[[0;32m  OK  [0m] Reached target User and Group Name Lookups.
[[0;32m  OK  [0m] Listening on LVM2 metadata daemon socket.
[[0;32m  OK  [0m] Set up automount Arbitrary Executab…rmats File System Automount Point.
         Starting Journal Service...
         Starting Monitoring of LVM2 mirrors…ng dmeventd or progress polling...
[[0;32m  OK  [0m] Started Uncomplicated firewall.
[[0;32m  OK  [0m] Started Load Kernel Modules.
[[0;32m  OK  [0m] Mounted Kernel Debug File System.
[[0;32m  OK  [0m] Mounted Huge Pages File System.
[[0;32m  OK  [0m] Mounted POSIX Message Queue File System.
[[0;32m  OK  [0m] Started Create list of required sta…vice nodes for the current kernel.
[[0;32m  OK  [0m] Started File System Check Daemon to report status.
         Starting Create Static Device Nodes in /dev...
         Mounting FUSE Control File System...
         Starting Apply Kernel Variables...
         Mounting Kernel Configuration File System...
[[0;32m  OK  [0m] Started Journal Service.
[[0;32m  OK  [0m] Started File System Check on Root Device.
[[0;32m  OK  [0m] Started udev Coldplug all Devices.
[[0;32m  OK  [0m] Started Create Static Device Nodes in /dev.
[[0;32m  OK  [0m] Mounted FUSE Control File System.
[[0;32m  OK  [0m] Started Apply Kernel Variables.
[[0;32m  OK  [0m] Mounted Kernel Configuration File System.
[[0;32m  OK  [0m] Started LVM2 metadata daemon.
         Starting Remount Root and Kernel File Systems...
[[0;32m  OK  [0m] Started Remount Root and Kernel File Systems.
         Starting Flush Journal to Persistent Storage...
         Starting Load/Save Random Seed...
         Starting udev Kernel Device Manager...
[[0;32m  OK  [0m] Started Monitoring of LVM2 mirrors,…sing dmeventd or progress polling.
[[0;32m  OK  [0m] Started Load/Save Random Seed.
[[0;32m  OK  [0m] Started udev Kernel Device Manager.
[[0;32m  OK  [0m] Started Flush Journal to Persistent Storage.
[[0;32m  OK  [0m] Found device /dev/ttyS0.
[[0;32m  OK  [0m] Listening on Load/Save RF Kill Switch Status /dev/rfkill Watch.
         Mounting Arbitrary Executable File Formats File System...
[[0;32m  OK  [0m] Mounted Arbitrary Executable File Formats File System.
[[0;32m  OK  [0m] Started Set the console keyboard layout.
[[0;32m  OK  [0m] Started Dispatch Password Requests to Console Directory Watch.
[[0;32m  OK  [0m] Reached target Local Encrypted Volumes.
[[0;32m  OK  [0m] Reached target Local File Systems (Pre).
[[0;32m  OK  [0m] Reached target Local File Systems.
         Starting ebtables ruleset management...
         Starting Commit a transient machine-id on disk...
         Starting Set console font and keymap...
         Starting Create Volatile Files and Directories...
         Starting AppArmor initialization...
         Starting Tell Plymouth To Write Out Runtime Data...
[[0;32m  OK  [0m] Started Set console font and keymap.
[[0;32m  OK  [0m] Started Create Volatile Files and Directories.
         Starting Update UTMP about System Boot/Shutdown...
[[0;32m  OK  [0m] Started Tell Plymouth To Write Out Runtime Data.
[[0;32m  OK  [0m] Started Update UTMP about System Boot/Shutdown.
[[0;32m  OK  [0m] Started ebtables ruleset management.
[[0;32m  OK  [0m] Started Commit a transient machine-id on disk.
[[0;32m  OK  [0m] Started AppArmor initialization.
         Starting Load AppArmor profiles managed internally by snapd...
         Starting Initial cloud-init job (pre-networking)...
[[0;32m  OK  [0m] Started Load AppArmor profiles managed internally by snapd.
[   13.800993] cloud-init[688]: Cloud-init v. 23.1.2-0ubuntu0~18.04.1 running 'init-local' at Sat, 27 May 2023 05:23:22 +0000. Up 13.34 seconds.
[[0;32m  OK  [0m] Started Initial cloud-init job (pre-networking).
[[0;32m  OK  [0m] Reached target Network (Pre).
         Starting Network Service...
[[0;32m  OK  [0m] Started Network Service.
         Starting Network Name Resolution...
         Starting Wait for Network to be Configured...
[[0;32m  OK  [0m] Started Network Name Resolution.
[[0;32m  OK  [0m] Reached target Network.
[[0;32m  OK  [0m] Reached target Host and Network Name Lookups.
[[0;32m  OK  [0m] Started Wait for Network to be Configured.
         Starting Initial cloud-init job (metadata service crawler)...
[   16.542623] cloud-init[816]: Cloud-init v. 23.1.2-0ubuntu0~18.04.1 running 'init' at Sat, 27 May 2023 05:23:25 +0000. Up 16.33 seconds.
[   16.552191] cloud-init[816]: ci-info: ++++++++++++++++++++++++++++++++++++++Net device info++++++++++++++++++++++++++++++++++++++
[   16.564172] cloud-init[816]: ci-info: +--------+------+----------------------------+---------------+--------+-------------------+
[   16.576116] cloud-init[816]: ci-info: | Device |  Up  |          Address           |      Mask     | Scope  |     Hw-Address    |
[   16.588125] cloud-init[816]: ci-info: +--------+------+----------------------------+---------------+--------+-------------------+
[   16.600105] cloud-init[816]: ci-info: | enp0s3 | True |         10.0.2.15          | 255.255.255.0 | global | 02:60:28:79:f3:5b |
[   16.612497] cloud-init[816]: ci-info: | enp0s3 | True | fe80::60:28ff:fe79:f35b/64 |       .       |  link  | 02:60:28:79:f3:5b |
[   16.613626] cloud-init[816]: ci-info: |   lo   | True |         127.0.0.1          |   255.0.0.0   |  host  |         .         |
[   16.624665] cloud-init[816]: ci-info: |   lo   | True |          ::1/128           |       .       |  host  |         .         |
[   16.625825] cloud-init[816]: ci-info: +--------+------+----------------------------+---------------+--------+-------------------+
[   16.636425] cloud-init[816]: ci-info: ++++++++++++++++++++++++++++Route IPv4 info+++++++++++++++++++++++++++++
[   16.648141] cloud-init[816]: ci-info: +-------+-------------+----------+-----------------+-----------+-------+
[   16.660318] cloud-init[816]: ci-info: | Route | Destination | Gateway  |     Genmask     | Interface | Flags |
[   16.672462] cloud-init[816]: ci-info: +-------+-------------+----------+-----------------+-----------+-------+
[   16.673364] cloud-init[816]: ci-info: |   0   |   0.0.0.0   | 10.0.2.2 |     0.0.0.0     |   enp0s3  |   UG  |
[   16.674294] cloud-init[816]: ci-info: |   1   |   10.0.2.0  | 0.0.0.0  |  255.255.255.0  |   enp0s3  |   U   |
[   16.684233] cloud-init[816]: ci-info: |   2   |   10.0.2.2  | 0.0.0.0  | 255.255.255.255 |   enp0s3  |   UH  |
[   16.696834] cloud-init[816]: ci-info: +-------+-------------+----------+-----------------+-----------+-------+
[   16.697612] cloud-init[816]: ci-info: +++++++++++++++++++Route IPv6 info+++++++++++++++++++
[   16.712504] cloud-init[816]: ci-info: +-------+-------------+---------+-----------+-------+
[   16.724401] cloud-init[816]: ci-info: | Route | Destination | Gateway | Interface | Flags |
[   16.725168] cloud-init[816]: ci-info: +-------+-------------+---------+-----------+-------+
[   16.740485] cloud-init[816]: ci-info: |   1   |  fe80::/64  |    ::   |   enp0s3  |   U   |
[   16.756221] cloud-init[816]: ci-info: |   3   |    local    |    ::   |   enp0s3  |   U   |
[   16.772115] cloud-init[816]: ci-info: |   4   |   ff00::/8  |    ::   |   enp0s3  |   U   |
[   16.784138] cloud-init[816]: ci-info: +-------+-------------+---------+-----------+-------+
[   17.497064] cloud-init[816]: Generating public/private rsa key pair.
[   17.508514] cloud-init[816]: Your identification has been saved in /etc/ssh/ssh_host_rsa_key.
[   17.509213] cloud-init[816]: Your public key has been saved in /etc/ssh/ssh_host_rsa_key.pub.
[   17.510145] cloud-init[816]: The key fingerprint is:
[   17.520168] cloud-init[816]: SHA256:ujAIKvP8cpxQIaOf3pCnv2EKFs+vb15dCkY7SpWfW4o root@ubuntu-bionic
[   17.536032] cloud-init[816]: The key's randomart image is:
[   17.548632] cloud-init[816]: +---[RSA 2048]----+
[[   17.560535] [0;32m  OK  [0mcloud-init] [816]: Started Initial cloud-init job (metadata service crawler).|                 |

[[   17.573480] [0;32m  OK  [0mcloud-init] [816]: Reached target Cloud-config availability.|  o .   .        |

[[   17.574480] [0;32m  OK  [0mcloud-init] [816]: Reached target System Initialization.| . o . +         |

[[   17.584154] [0;32m  OK  [0mcloud-init] [816]: Listening on cloud-init hotplug hook socket.|.   . o o .      |

[   17.596997] cloud-init[816]: |.o + . =So o     |
[[   17.597068] [0;32m  OK  [0mcloud-init] [816]: Started ACPI Events Check.|..X.o o.= *      |

[   17.597136] cloud-init[816]: |=o.X=o.E =       |
[   17.597248] cloud-init[816]: |o=+o*=..         |
[   17.609122] cloud-init[816]: |  +*O=.          |
[[   17.609185] [0;32m  OK  [0mcloud-init] [816]: Started Daily apt download activities.+----[SHA256]-----+

[[   17.609263] [0;32m  OK  [0mcloud-init] [816]: Listening on Open-iSCSI iscsid Socket.Generating public/private dsa key pair.

[   17.625575] cloud-init[816]: Your identification has been saved in /etc/ssh/ssh_host_dsa_key.
[[   17.625653] [0;32m  OK  [0mcloud-init] [816]: Started Discard unused blocks once a week.Your public key has been saved in /etc/ssh/ssh_host_dsa_key.pub.

[   17.627669] cloud-init[816]: The key fingerprint is:
[   17.628513] cloud-init[816]: SHA256:im9RWx58JLYWlQ5QgjpJAFoZ8jr98x/Ycy9YzjNlioA root@ubuntu-bionic
[   17.629839] cloud-init[816]: The key's randomart image is:
[   17.630610] cloud-init[816]: +---[DSA 1024]----+
[   17.631378] cloud-init[816]: |o.++   .oo....   |
[   17.640201] cloud-init[816]: |.+. . .  .= o    |
[   17.640256]          cloud-initStarting LXD - unix socket.[816]: 
|. .. o   o B     |
[   17.652490] cloud-init[816]: | o  +   . * o    |
         [   17.652545] Starting Socket activation for snappy daemon.cloud-init
[816]: |o .  o .S= o     |
[[   17.664242] [0;32m  OK  [0mcloud-init] [816]: | . .E.o+. o o    |
Listening on D-Bus System Message Bus Socket.
[   17.664326] cloud-init[816]: |    + oo+*.+     |
[   17.692291] cloud-init[816]: |     +. o+B.     |
[[   17.692365] [0;32m  OK  [0mcloud-init] [816]: Started Daily apt upgrade and clean activities.|     .o..  +.    |

[   17.692454] cloud-init[816]: +----[SHA256]-----+
[   17.694089] cloud-init[816]: Generating public/private ecdsa key pair.
[[   17.694178] [0;32m  OK  [0mcloud-init] [816]: Started Ubuntu Advantage Timer for running repeated jobs.Your identification has been saved in /etc/ssh/ssh_host_ecdsa_key.

[   17.694246] cloud-init[816]: Your public key has been saved in /etc/ssh/ssh_host_ecdsa_key.pub.
[[   17.697054] cloud-init[816]: The key fingerprint is:
[   17.697158] cloud-init[816]: SHA256:rb+0haJM2DoCtjtITrvKDNfhnBsakYxWSuIjvB/wMX4 root@ubuntu-bionic
[0;32m  OK  [0m] Started Message of the Day.
[   17.697226] cloud-init[816]: The key's randomart image is:
[[0;32m  OK  [0m] Listening on UUID daemon activation socket.
[[   17.700040] [0;32m  OK  [0mcloud-init] [816]: Started Daily Cleanup of Temporary Directories.+---[ECDSA 256]---+

[   17.700729] cloud-init[816]: |                 |
[[   17.724509] [0;32m  OK  [0mcloud-init] [816]: Reached target Timers.|                 |

[[   17.736197] [0;32m  OK  [0mcloud-init] [816]: Reached target Paths.|.. .             |

[[   17.737116] [0;32m  OK  [0mcloud-init] [816]: Listening on ACPID Listen Socket.|=oo.     .       |

[   17.738172] cloud-init[816]: |oB+o.   S .      |
[   17.738255] cloud-init[816]: |++*=o=   . .     |
[   17.738673] cloud-init[816]: |Bo=+BEo o o .    |
[[0;32m  OK  [0m] Reached target Network is Online.
[   17.739335] cloud-init[816]: |=*oo+* . + o     |
[   17.739786] cloud-init[816]: |o==oo.o   +.     |
[   17.740530] cloud-init[816]: +----[SHA256]-----+
[   17.741350] cloud-init[816]: Generating public/private ed25519 key pair.
[   17.741917] cloud-init[816]: Your identification has been saved in /etc/ssh/ssh_host_ed25519_key.
[   17.742514] cloud-init[816]: Your public key has been saved in /etc/ssh/ssh_host_ed25519_key.pub.
[   17.742906] cloud-init[816]: The key fingerprint is:
[   17.743018] cloud-init[816]: SHA256:I/T+uVxxKo2sMEpRaJ+7Dbf6pfqn3mcD2P55mVeimrU root@ubuntu-bionic
[   17.743141] cloud-init[816]: The key's randomart image is:
[   17.743535] cloud-init[816]: +--[ED25519 256]--+
[   17.757583] cloud-init[816]: |                 |
[   17.768149] cloud-init[816]: |     .           |
[[0;32m  OK  [0m] Reached target Remote File Systems (Pre).
[[0;32m  OK  [0m] Reached target Remote File Systems.
[   17.768251] cloud-init[816]: |    o o          |
[   17.769623] cloud-init[816]: |   . + o         |
[   17.780887] cloud-init[816]: |    . + So  . .  |
[   17.780972] cloud-init[816]: |     . +.ooo +. .|
         Starting Availability of block devices...
[   17.781021] cloud-init[816]: |    . = o.=.=. +.|
[   17.804842] cloud-init[816]: |   . . B Oo*=o+ .|
[[0;32m  OK  [0m] Listening on LXD - unix socket.
[   17.805153] cloud-init[816]: |    . +*XoO*Eo . |
[[   17.806247] [0;32m  OK  [0mcloud-init] [816]: +----[SHA256]-----+
Listening on Socket activation for snappy daemon.
[[0;32m  OK  [0m] Started Availability of block devices.
[[0;32m  OK  [0m] Reached target Sockets.
[[0;32m  OK  [0m] Reached target Basic System.
[[0;32m  OK  [0m] Reached target Login Prompts (Pre).
         Starting LSB: automatic crash report generation...
         Starting Pollinate to seed the pseudo random number generator...
[[0;32m  OK  [0m] Started irqbalance daemon.
[[0;32m  OK  [0m] Started D-Bus System Message Bus.
         Starting Virtualbox guest utils...
[[0;32m  OK  [0m] Started FUSE filesystem for LXC.
         Starting System Logging Service...
         Starting Dispatcher daemon for systemd-networkd...
[[0;32m  OK  [0m] Started Regular background program processing daemon.
         Starting Accounts Service...
         Starting Permit User Sessions...
[[0;32m  OK  [0m] Started Deferred execution scheduler.
         Starting LSB: Record successful boot for GRUB...
         Starting Login Service...
         Starting Snap Daemon...
         Starting LXD - container startup/shutdown...
[[0;32m  OK  [0m] Started System Logging Service.
[[0;32m  OK  [0m] Started Permit User Sessions.
[[0;32m  OK  [0m] Started Login Service.
[[0;32m  OK  [0m] Started Unattended Upgrades Shutdown.
         Starting Hold until boot process finishes up...
         Starting Terminate Plymouth Boot Screen...
[[0;32m  OK  [0m] Started Hold until boot process finishes up.
[[0;32m  OK  [0m] Started Serial Getty on ttyS0.
         Starting Set console scheme...
[[0;32m  OK  [0m] Started Terminate Plymouth Boot Screen.
[[0;32m  OK  [0m] Started Set console scheme.
[[0;32m  OK  [0m] Created slice system-getty.slice.
[[0;32m  OK  [0m] Started Getty on tty1.
[[0;32m  OK  [0m] Reached target Login Prompts.
         Starting Authorization Manager...
[[0;32m  OK  [0m] Started LSB: automatic crash report generation.
[[0;32m  OK  [0m] Started LSB: Record successful boot for GRUB.
[[0;32m  OK  [0m] Started Authorization Manager.
[[0;32m  OK  [0m] Started Accounts Service.
[[0;32m  OK  [0m] Started Virtualbox guest utils.
[[0;32m  OK  [0m] Started LXD - container startup/shutdown.
[[0;32m  OK  [0m] Started Dispatcher daemon for systemd-networkd.
[[0;32m  OK  [0m] Started Snap Daemon.
         Starting Wait until snapd is fully seeded...
         Starting Time & Date Service...
[[0;32m  OK  [0m] Started Time & Date Service.
[[0;32m  OK  [0m] Started Wait until snapd is fully seeded.
         Starting Apply the settings specified in cloud-config...
[[0;32m  OK  [0m] Started Pollinate to seed the pseudo random number generator.
         Starting OpenBSD Secure Shell server...
[[0;32m  OK  [0m] Started OpenBSD Secure Shell server.
[[0;32m  OK  [0m] Created slice User Slice of vagrant.
         Starting User Manager for UID 1000...
[[0;32m  OK  [0m] Started Session 1 of user vagrant.
[[0;32m  OK  [0m] Started User Manager for UID 1000.
[   21.819837] cloud-init[1302]: Cloud-init v. 23.1.2-0ubuntu0~18.04.1 running 'modules:config' at Sat, 27 May 2023 05:23:30 +0000. Up 21.00 seconds.
[[0;32m  OK  [0m] Started Apply the settings specified in cloud-config.
[[0;32m  OK  [0m] Reached target Multi-User System.
[[0;32m  OK  [0m] Reached target Graphical Interface.
         Starting Update UTMP about System Runlevel Changes...
         Starting Execute cloud user/final scripts...
[[0;32m  OK  [0m] Started Update UTMP about System Runlevel Changes.
ci-info: no authorized SSH keys fingerprints found for user ubuntu.
<14>May 27 05:23:32 cloud-init: #############################################################
<14>May 27 05:23:32 cloud-init: -----BEGIN SSH HOST KEY FINGERPRINTS-----
<14>May 27 05:23:32 cloud-init: 1024 SHA256:im9RWx58JLYWlQ5QgjpJAFoZ8jr98x/Ycy9YzjNlioA root@ubuntu-bionic (DSA)
<14>May 27 05:23:32 cloud-init: 256 SHA256:rb+0haJM2DoCtjtITrvKDNfhnBsakYxWSuIjvB/wMX4 root@ubuntu-bionic (ECDSA)
<14>May 27 05:23:32 cloud-init: 256 SHA256:I/T+uVxxKo2sMEpRaJ+7Dbf6pfqn3mcD2P55mVeimrU root@ubuntu-bionic (ED25519)
<14>May 27 05:23:32 cloud-init: 2048 SHA256:ujAIKvP8cpxQIaOf3pCnv2EKFs+vb15dCkY7SpWfW4o root@ubuntu-bionic (RSA)
<14>May 27 05:23:32 cloud-init: -----END SSH HOST KEY FINGERPRINTS-----
<14>May 27 05:23:32 cloud-init: #############################################################
-----BEGIN SSH HOST KEY KEYS-----
ecdsa-sha2-nistp256 AAAAE2VjZHNhLXNoYTItbmlzdHAyNTYAAAAIbmlzdHAyNTYAAABBBFXxqK0w9TWf4lGFE9ALWUiOCyrIyfQE5gVTK2R2930WI1ei/awP0bZr2x6tdwKCt+hUKIL0fPpNUcorh2uYVJE= root@ubuntu-bionic
ssh-ed25519 AAAAC3NzaC1lZDI1NTE5AAAAILoqpQGwbf0srWD21qhYt9kohyRYM2y/N0stPDswsX15 root@ubuntu-bionic
ssh-rsa AAAAB3NzaC1yc2EAAAADAQABAAABAQDHnTdcZIB3NkvyObv7k1+v7/YOLQSzYYQZfb4i+b7g9LomWE3TQsZhJ8p7f2CfMOrCb2SOQ7LsRKad85rO1CAKeAd3cL8hftuMKdsUITBQ56h6Vh6VEmSapSBuwbSp/rESGQ4P6SIX/wpDso0zq4leFArHA82msoRvpZFBvrhgxzozL1o7sjO6fbg2DX2gje34VQtmYpNhZyF2AiNE83/kt2bpW3Um23Uqqwh5PBoxEqSLpICJMkuB6j2zigT29a+c908PXv87RoOS6SZCdTaCS1Jlu02v1luscLYb6HfQTfPIuX3vU+5sixtB2ZVD7ChjUND7wzWNwb+E0kvwibG3 root@ubuntu-bionic
-----END SSH HOST KEY KEYS-----
[   22.939417] cloud-init[1429]: Cloud-init v. 23.1.2-0ubuntu0~18.04.1 running 'modules:final' at Sat, 27 May 2023 05:23:32 +0000. Up 22.63 seconds.
[   22.948227] cloud-init[1429]: Cloud-init v. 23.1.2-0ubuntu0~18.04.1 finished at Sat, 27 May 2023 05:23:32 +0000. Datasource DataSourceNoCloud [seed=/dev/sdb][dsmode=net].  Up 22.92 seconds
[[0;32m  OK  [0m] Started Execute cloud user/final scripts.
[[0;32m  OK  [0m] Reached target Cloud-init target.

Ubuntu 18.04.6 LTS ubuntu-bionic ttyS0

ubuntu-bionic login: 